Arguments: 
  C:\Program Files\nodejs\node.exe C:\Users\maol tech\AppData\Roaming\npm\node_modules\yarn\bin\yarn.js add expo

PATH: 
  C:\Program Files (x86)\Common Files\Intel\Shared Files\cpp\bin\Intel64;C:\Program Files\Common Files\Oracle\Java\javapath;C:\WINDOWS\system32;C:\WINDOWS;C:\WINDOWS\System32\Wbem;C:\WINDOWS\System32\WindowsPowerShell\v1.0\;C:\WINDOWS\System32\OpenSSH\;C:\Program Files (x86)\QuickTime\QTSystem\;C:\xampp\php;C:\ProgramData\ComposerSetup\bin;C:\Program Files\nodejs\;C:\Program Files\Git\cmd;C:\Users\maol tech\AppData\Local\Programs\Python\Python310;C:\Users\maol tech\AppData\Local\Programs\Python\Python310\Scripts;C:\Users\maol tech\AppData\Local\Microsoft\WindowsApps;C:\Users\maol tech\AppData\Local\Programs\Microsoft VS Code\bin;C:\Users\maol tech\AppData\Roaming\Composer\vendor\bin;C:\Users\maol tech\AppData\Roaming\npm;C:\Users\maol tech\AppData\Local\Programs\mongosh\;C:\xampp\mysql\bin;C:\Users\maol tech\Desktop\MJeCommerce\node_modules\@mui

Yarn version: 
  1.22.18

Node version: 
  14.17.6

Platform: 
  win32 x64

Trace: 
  Error: getaddrinfo ENOTFOUND registry.yarnpkg.com
      at GetAddrInfoReqWrap.onlookup [as oncomplete] (dns.js:69:26)

npm manifest: 
  {
    "name": "nativetodo",
    "version": "1.0.0",
    "main": "node_modules/expo/AppEntry.js",
    "scripts": {
      "start": "expo start",
      "android": "expo start --android",
      "ios": "expo start --ios",
      "web": "expo start --web"
    },
    "dependencies": {
      "expo": "~46.0.9",
      "expo-status-bar": "~1.4.0",
      "react": "18.0.0",
      "react-native": "0.69.5"
    },
    "devDependencies": {
      "@babel/core": "^7.12.9"
    },
    "private": true
  }

yarn manifest: 
  No manifest

Lockfile: 
  No lockfile
